<?xml version="1.0" encoding="UTF-8"?>
<!-- Generated by org.testng.reporters.JUnitReportReporter -->
<testsuite hostname="Air-Nikolaj" failures="0" tests="1" name="main.controller.DefaultControllerTest" time="11.181" errors="0" timestamp="2021-02-15T12:33:42 MSK" skipped="0">
  <testcase classname="main.controller.DefaultControllerTest" name="shouldReturnSomething" time="11.181"/>
  <system-out/>
</testsuite> <!-- main.controller.DefaultControllerTest -->
